Logfile created with verbose level LOG_ONLY on 08/06/2025 at 17:26:39. Have fun <3

[17:26:39] INFO    : MessageLogger verbose type updated from LOG_ONLY to INFO
[17:26:39] INFO    : Imported settings: {'_comment0': 'DEBUG             | Supported levels: [NONE, LOG_ONLY, ERROR, WARNING, CRUCIAL, INFO]', 'verbose_type': 'INFO', '_comment1': 'SCREEN RESOLUTION | window_resolution irrelevant unless fullscreen is true; fullscreen overwride window_resolution to monitor resolution; windowed false will overwrite fullscreen to true', 'window_resolution': [200, 500], 'fullscreen': True, 'windowed': False, '_comment2': 'SCREEN FPS        | setting max_fps to 0 disables the fps cap; vsync will overwride max_fps to match window fps to monitor fps', 'max_fps': 0, 'vsync': True, '_comment3': 'MOUSE AND CURSOR  | raw_mouse_input will enable raw mouse movement (bypass windows mouse acceleration)', 'raw_mouse_input': True, 'mouse_sensitivity': 1, 'hide_cursor': True, 'center_cursor_on_creation': True, '_comment4': "KEY BINDS         | Avalable keys: https://www.glfw.org/docs/3.3/group__keys.html (Remove the 'GLFW_KEY_' prefix)", 'key_binds': {'jump': 'SPACE', 'forward': 'W', 'back': 'S', 'left': 'A', 'right': 'D'}}
[17:26:39] INFO    : Window variable validation passed. Variables: {'size': [200, 500], 'caption': 'Into Havoc', 'fullscreen': True, 'windowed': False, 'vsync': True, 'max_fps': 0, 'raw_mouse_input': True, 'center_cursor_on_creation': True, 'hide_cursor': True}
[17:26:39] INFO    : Window fullscreen.
[17:26:40] INFO    : Window creation passed. Variables: {'size': Size(width=1920, height=1080), 'caption': 'Into Havoc', 'fullscreen': True, 'windowed': False, 'vsync': True, 'max_fps': 0, 'raw_mouse_input': True, 'center_cursor_on_creation': True, 'hide_cursor': True, 'monitor': <glfw.LP__GLFWmonitor object at 0x000002524DE2CD50>, 'video_mode': GLFWvidmode(size=Size(width=1920, height=1080), bits=Bits(red=8, green=8, blue=8), refresh_rate=75), 'display_size': Size(width=1920, height=1080), 'aspect_ratio': 1.7777777777777777, 'window': <glfw.LP__GLFWwindow object at 0x000002524DE2CE50>}
[17:26:40] INFO    : Setting up Graphics Engine
[17:26:40] INFO    : Creating shader
[17:26:40] INFO    : No texture handle for this shader.
[17:26:40] INFO    : Shader creation passed. Variables: {'shader': 3, 'uniform_handles': {'model': 0, 'view': 3, 'projection': 2, 'color': 1}, 'custom_uniform_handles': {}}
[17:26:40] INFO    : Shader creation passed variable validation.
[17:26:40] ERROR   : Fatal termination error:

Traceback (most recent call last):
  File "C:\Users\laket\AppData\Local\Programs\Python\Python311\Lib\site-packages\OpenGL\latebind.py", line 43, in __call__
    return self._finalCall( *args, **named )
           ^^^^^^^^^^^^^^^^^^^^^^^^^^^^^^^^^
TypeError: 'NoneType' object is not callable

During handling of the above exception, another exception occurred:

Traceback (most recent call last):
  File "c:\Users\laket\OneDrive\Documents\Code\GitHub\PyCode\LakeGraphicsFramework\example.py", line 33, in catch_main
    main()
  File "c:\Users\laket\OneDrive\Documents\Code\GitHub\PyCode\LakeGraphicsFramework\example.py", line 52, in main
    test_object = graphics.create_object("example_data/" + "cube.obj", ["example_data/" + "wood.jpeg"])
                  ^^^^^^^^^^^^^^^^^^^^^^^^^^^^^^^^^^^^^^^^^^^^^^^^^^^^^^^^^^^^^^^^^^^^^^^^^^^^^^^^^^^^^
  File "c:\Users\laket\OneDrive\Documents\Code\GitHub\PyCode\LakeGraphicsFramework\LakeGraphicsFramework.py", line 1031, in create_object
    mesh = Mesh(mesh_path)
           ^^^^^^^^^^^^^^^
  File "c:\Users\laket\OneDrive\Documents\Code\GitHub\PyCode\LakeGraphicsFramework\LakeGraphicsFramework.py", line 429, in __init__
    self.vao = gl.glGenVertexArrays(1)
               ^^^^^^^^^^^^^^^^^^^^^^^
  File "C:\Users\laket\AppData\Local\Programs\Python\Python311\Lib\site-packages\OpenGL\latebind.py", line 47, in __call__
    return self._finalCall( *args, **named )
           ^^^^^^^^^^^^^^^^^^^^^^^^^^^^^^^^^
  File "C:\Users\laket\AppData\Local\Programs\Python\Python311\Lib\site-packages\OpenGL\wrapper.py", line 671, in wrapperCall
    result = wrappedOperation( *cArguments )
             ^^^^^^^^^^^^^^^^^^^^^^^^^^^^^^^
  File "C:\Users\laket\AppData\Local\Programs\Python\Python311\Lib\site-packages\OpenGL\platform\baseplatform.py", line 423, in __call__
    raise error.NullFunctionError(
OpenGL.error.NullFunctionError: Attempt to call an undefined function glGenVertexArrays, check for bool(glGenVertexArrays) before calling

